<?xml version="1.0" encoding="UTF-8"?>
<testsuite name="network.PacketTest" tests="3" skipped="0" failures="0" errors="0" timestamp="2021-07-15T15:32:33" hostname="DESKTOP-VOCPJHE" time="31.133">
  <properties/>
  <testcase name="testSearchMatchAndConnection()" classname="network.PacketTest" time="11.086"/>
  <testcase name="testPacketChatMessage()" classname="network.PacketTest" time="10.023"/>
  <testcase name="testPacketInfluence()" classname="network.PacketTest" time="10.013"/>
  <system-out><![CDATA[2021-07-15 17:32:34,404 INFO  [Thread-3] server.Server (Server.java:28) - Starting server on Port 3456
2021-07-15 17:32:34,551 INFO  [Thread-3] server.Server (Server.java:32) - New incoming Connection Port: 53096
2021-07-15 17:32:34,556 INFO  [Thread-3] server.Server (Server.java:32) - New incoming Connection Port: 53097
2021-07-15 17:32:34,573 INFO  [ServerConnectionThread] server.ServerConnection (ServerConnection.java:97) - Traffic: New PACKETSEARCHMATCH
2021-07-15 17:32:34,573 INFO  [ServerConnectionThread] server.ServerConnection (ServerConnection.java:97) - Traffic: New PACKETSEARCHMATCH
2021-07-15 17:32:44,617 INFO  [Thread-3] server.Server (Server.java:32) - New incoming Connection Port: 53098
2021-07-15 17:32:44,619 INFO  [Thread-3] server.Server (Server.java:32) - New incoming Connection Port: 53099
2021-07-15 17:32:44,619 INFO  [ServerConnectionThread] server.ServerConnection (ServerConnection.java:97) - Traffic: New PACKETSEARCHMATCH
2021-07-15 17:32:44,621 INFO  [ServerConnectionThread] server.ServerConnection (ServerConnection.java:97) - Traffic: New PACKETSEARCHMATCH
2021-07-15 17:32:49,626 INFO  [ServerConnectionThread] server.ServerConnection (ServerConnection.java:97) - Traffic: New PACKETCHATMESSAGE
2021-07-15 17:32:54,643 INFO  [Thread-3] server.Server (Server.java:32) - New incoming Connection Port: 53101
2021-07-15 17:32:54,646 INFO  [Thread-3] server.Server (Server.java:32) - New incoming Connection Port: 53102
2021-07-15 17:32:54,654 INFO  [ServerConnectionThread] server.ServerConnection (ServerConnection.java:97) - Traffic: New PACKETSEARCHMATCH
2021-07-15 17:32:54,654 INFO  [ServerConnectionThread] server.ServerConnection (ServerConnection.java:97) - Traffic: New PACKETSEARCHMATCH
2021-07-15 17:32:59,652 INFO  [ServerConnectionThread] server.ServerConnection (ServerConnection.java:97) - Traffic: New PACKETINFLUENCE
]]></system-out>
  <system-err><![CDATA[]]></system-err>
</testsuite>
