<?xml version="1.0" encoding="UTF-8"?>
<testsuite name="network.PacketTest" tests="4" skipped="0" failures="0" errors="0" timestamp="2021-07-15T16:22:51" hostname="DESKTOP-VOCPJHE" time="33.662">
  <properties/>
  <testcase name="testPacketEndOfGame()" classname="network.PacketTest" time="9.616"/>
  <testcase name="testSearchMatchAndConnection()" classname="network.PacketTest" time="8.006"/>
  <testcase name="testPacketChatMessage()" classname="network.PacketTest" time="8.021"/>
  <testcase name="testPacketInfluence()" classname="network.PacketTest" time="8.01"/>
  <system-out><![CDATA[2021-07-15 18:22:52,846 INFO  [Thread-3] server.Server (Server.java:28) - Starting server on Port 3456
2021-07-15 18:22:53,178 INFO  [Thread-3] server.Server (Server.java:32) - New incoming Connection Port: 53882
2021-07-15 18:22:53,189 INFO  [Thread-3] server.Server (Server.java:32) - New incoming Connection Port: 53884
2021-07-15 18:22:53,224 INFO  [ServerConnectionThread] server.ServerConnection (ServerConnection.java:97) - Traffic: New PACKETSEARCHMATCH
2021-07-15 18:22:53,224 INFO  [ServerConnectionThread] server.ServerConnection (ServerConnection.java:97) - Traffic: New PACKETSEARCHMATCH
2021-07-15 18:22:57,227 INFO  [ServerConnectionThread] server.ServerConnection (ServerConnection.java:97) - Traffic: New PACKETENDOFGAME
2021-07-15 18:23:01,265 INFO  [Thread-3] server.Server (Server.java:32) - New incoming Connection Port: 53885
2021-07-15 18:23:01,267 INFO  [Thread-3] server.Server (Server.java:32) - New incoming Connection Port: 53886
2021-07-15 18:23:01,271 INFO  [ServerConnectionThread] server.ServerConnection (ServerConnection.java:97) - Traffic: New PACKETSEARCHMATCH
2021-07-15 18:23:01,271 INFO  [ServerConnectionThread] server.ServerConnection (ServerConnection.java:97) - Traffic: New PACKETSEARCHMATCH
2021-07-15 18:23:09,275 INFO  [Thread-3] server.Server (Server.java:32) - New incoming Connection Port: 53887
2021-07-15 18:23:09,280 INFO  [Thread-3] server.Server (Server.java:32) - New incoming Connection Port: 53888
2021-07-15 18:23:09,285 INFO  [ServerConnectionThread] server.ServerConnection (ServerConnection.java:97) - Traffic: New PACKETSEARCHMATCH
2021-07-15 18:23:09,288 INFO  [ServerConnectionThread] server.ServerConnection (ServerConnection.java:97) - Traffic: New PACKETSEARCHMATCH
2021-07-15 18:23:13,286 INFO  [ServerConnectionThread] server.ServerConnection (ServerConnection.java:97) - Traffic: New PACKETCHATMESSAGE
2021-07-15 18:23:17,298 INFO  [Thread-3] server.Server (Server.java:32) - New incoming Connection Port: 53890
2021-07-15 18:23:17,304 INFO  [Thread-3] server.Server (Server.java:32) - New incoming Connection Port: 53891
2021-07-15 18:23:17,308 INFO  [ServerConnectionThread] server.ServerConnection (ServerConnection.java:97) - Traffic: New PACKETSEARCHMATCH
2021-07-15 18:23:17,311 INFO  [ServerConnectionThread] server.ServerConnection (ServerConnection.java:97) - Traffic: New PACKETSEARCHMATCH
2021-07-15 18:23:21,306 INFO  [ServerConnectionThread] server.ServerConnection (ServerConnection.java:97) - Traffic: New PACKETINFLUENCE
]]></system-out>
  <system-err><![CDATA[]]></system-err>
</testsuite>
